<?xml version="1.0" encoding="UTF-8"?>
<testng-results ignored="0" total="5" passed="5" failed="0" skipped="0">
  <reporter-output>
    <line>
      <![CDATA[Additional information is saved]]>
    </line>
    <line>
      <![CDATA[New message window log]]>
    </line>
  </reporter-output>
  <suite started-at="2021-04-18T19:54:11 CEST" name="Default suite" finished-at="2021-04-18T19:54:20 CEST" duration-ms="9680">
    <groups>
    </groups>
    <test started-at="2021-04-18T19:54:11 CEST" name="Default test" finished-at="2021-04-18T19:54:20 CEST" duration-ms="9680">
      <class name="com.seleniumframework.test.TestElements">
        <test-method is-config="true" signature="setUp()[pri:0, instance:com.seleniumframework.test.TestElements@55a1c291]" started-at="2021-04-18T19:54:04 CEST" name="setUp" finished-at="2021-04-18T19:54:11 CEST" duration-ms="6493" status="PASS">
          <reporter-output>
          </reporter-output>
        </test-method> <!-- setUp -->
        <test-method signature="newWindowTest()[pri:0, instance:com.seleniumframework.test.TestElements@55a1c291]" started-at="2021-04-18T19:54:11 CEST" name="newWindowTest" finished-at="2021-04-18T19:54:14 CEST" duration-ms="2886" status="PASS">
          <reporter-output>
            <line>
              <![CDATA[Additional information is saved]]>
            </line>
          </reporter-output>
        </test-method> <!-- newWindowTest -->
        <test-method signature="newMessageTest()[pri:1, instance:com.seleniumframework.test.TestElements@55a1c291]" started-at="2021-04-18T19:54:14 CEST" name="newMessageTest" finished-at="2021-04-18T19:54:17 CEST" duration-ms="3427" status="PASS">
          <reporter-output>
            <line>
              <![CDATA[New message window log]]>
            </line>
          </reporter-output>
        </test-method> <!-- newMessageTest -->
        <test-method signature="alertButtonTest()[pri:2, instance:com.seleniumframework.test.TestElements@55a1c291]" started-at="2021-04-18T19:54:17 CEST" name="alertButtonTest" finished-at="2021-04-18T19:54:17 CEST" duration-ms="287" status="PASS">
          <reporter-output>
          </reporter-output>
        </test-method> <!-- alertButtonTest -->
        <test-method signature="dragNdropTest()[pri:3, instance:com.seleniumframework.test.TestElements@55a1c291]" started-at="2021-04-18T19:54:17 CEST" name="dragNdropTest" finished-at="2021-04-18T19:54:18 CEST" duration-ms="672" status="PASS">
          <reporter-output>
          </reporter-output>
        </test-method> <!-- dragNdropTest -->
        <test-method signature="siteStats()[pri:4, instance:com.seleniumframework.test.TestElements@55a1c291]" started-at="2021-04-18T19:54:18 CEST" name="siteStats" finished-at="2021-04-18T19:54:20 CEST" duration-ms="2306" status="PASS">
          <reporter-output>
          </reporter-output>
        </test-method> <!-- siteStats -->
        <test-method is-config="true" signature="tearDown()[pri:0, instance:com.seleniumframework.test.TestElements@55a1c291]" started-at="2021-04-18T19:54:20 CEST" name="tearDown" finished-at="2021-04-18T19:54:21 CEST" duration-ms="301" status="PASS">
          <reporter-output>
          </reporter-output>
        </test-method> <!-- tearDown -->
      </class> <!-- com.seleniumframework.test.TestElements -->
    </test> <!-- Default test -->
  </suite> <!-- Default suite -->
</testng-results>
