<?xml version="1.0" encoding="UTF-8"?>
<!-- Generated by org.testng.reporters.JUnitXMLReporter -->
<testsuite ignored="0" hostname="ubuntu" failures="0" tests="5" name="Default test" time="9.68" errors="0" timestamp="2021-04-18T19:54:20 CEST">
  <testcase classname="com.seleniumframework.test.TestElements" name="newWindowTest" time="2.886"/>
  <testcase classname="com.seleniumframework.test.TestElements" name="newMessageTest" time="3.427"/>
  <testcase classname="com.seleniumframework.test.TestElements" name="alertButtonTest" time="0.287"/>
  <testcase classname="com.seleniumframework.test.TestElements" name="dragNdropTest" time="0.672"/>
  <testcase classname="com.seleniumframework.test.TestElements" name="siteStats" time="2.306"/>
</testsuite> <!-- Default test -->
