<?xml version="1.0" encoding="UTF-8"?>
<!-- Generated by org.testng.reporters.JUnitXMLReporter -->
<testsuite ignored="0" hostname="ubuntu" failures="0" tests="5" name="TestElements" time="9.325" errors="0" timestamp="2021-04-18T18:08:33 CEST">
  <testcase classname="com.seleniumframework.test.TestElements" name="alertButtonTest" time="0.335"/>
  <testcase classname="com.seleniumframework.test.TestElements" name="dragNdropTest" time="0.694"/>
  <testcase classname="com.seleniumframework.test.TestElements" name="newMessageTest" time="3.676"/>
  <testcase classname="com.seleniumframework.test.TestElements" name="newWindowTest" time="2.201"/>
  <testcase classname="com.seleniumframework.test.TestElements" name="siteStats" time="2.327"/>
</testsuite> <!-- TestElements -->
