<?xml version="1.0" encoding="UTF-8"?>
<testng-results ignored="0" total="1" passed="1" failed="0" skipped="0">
  <reporter-output>
    <line>
      <![CDATA[Test passed, all OK!]]>
    </line>
  </reporter-output>
  <suite started-at="2021-07-04T20:52:27 CEST" name="Default suite" finished-at="2021-07-04T20:52:39 CEST" duration-ms="11760">
    <groups>
    </groups>
    <test started-at="2021-07-04T20:52:27 CEST" name="Default test" finished-at="2021-07-04T20:52:39 CEST" duration-ms="11760">
      <class name="com.unitedcloud.test.TestProfile">
        <test-method is-config="true" signature="setUp()[pri:0, instance:com.unitedcloud.test.TestProfile@17c386de]" started-at="2021-07-04T20:52:27 CEST" name="setUp" finished-at="2021-07-04T20:52:33 CEST" duration-ms="5591" status="PASS">
          <reporter-output>
          </reporter-output>
        </test-method> <!-- setUp -->
        <test-method signature="testProfileCreation()[pri:0, instance:com.unitedcloud.test.TestProfile@17c386de]" started-at="2021-07-04T20:52:33 CEST" name="testProfileCreation" finished-at="2021-07-04T20:52:39 CEST" duration-ms="5816" status="PASS">
          <reporter-output>
            <line>
              <![CDATA[Test passed, all OK!]]>
            </line>
          </reporter-output>
        </test-method> <!-- testProfileCreation -->
        <test-method is-config="true" signature="tearDown()[pri:0, instance:com.unitedcloud.test.TestProfile@17c386de]" started-at="2021-07-04T20:52:39 CEST" name="tearDown" finished-at="2021-07-04T20:52:39 CEST" duration-ms="94" status="PASS">
          <reporter-output>
          </reporter-output>
        </test-method> <!-- tearDown -->
      </class> <!-- com.unitedcloud.test.TestProfile -->
    </test> <!-- Default test -->
  </suite> <!-- Default suite -->
</testng-results>
