<?xml version="1.0" encoding="UTF-8"?>
<testng-results ignored="0" total="1" passed="1" failed="0" skipped="0">
  <reporter-output>
  </reporter-output>
  <suite started-at="2021-04-05T19:49:11 CEST" name="Default suite" finished-at="2021-04-05T19:49:37 CEST" duration-ms="25827">
    <groups>
    </groups>
    <test started-at="2021-04-05T19:49:11 CEST" name="Default test" finished-at="2021-04-05T19:49:37 CEST" duration-ms="25827">
      <class name="com.polovniautomobili.test.TestUsedCars">
        <test-method is-config="true" signature="setUp()[pri:0, instance:com.polovniautomobili.test.TestUsedCars@568bf312]" started-at="2021-04-05T19:48:57 CEST" name="setUp" finished-at="2021-04-05T19:49:11 CEST" duration-ms="14173" status="PASS">
          <reporter-output>
          </reporter-output>
        </test-method> <!-- setUp -->
        <test-method signature="testUsedCars()[pri:0, instance:com.polovniautomobili.test.TestUsedCars@568bf312]" started-at="2021-04-05T19:49:12 CEST" name="testUsedCars" finished-at="2021-04-05T19:49:37 CEST" duration-ms="25380" status="PASS">
          <reporter-output>
          </reporter-output>
        </test-method> <!-- testUsedCars -->
        <test-method is-config="true" signature="tearDown()[pri:0, instance:com.polovniautomobili.test.TestUsedCars@568bf312]" started-at="2021-04-05T19:49:38 CEST" name="tearDown" finished-at="2021-04-05T19:49:38 CEST" duration-ms="828" status="PASS">
          <reporter-output>
          </reporter-output>
        </test-method> <!-- tearDown -->
      </class> <!-- com.polovniautomobili.test.TestUsedCars -->
    </test> <!-- Default test -->
  </suite> <!-- Default suite -->
</testng-results>
